TN:
SF:src/modules/accounts/useCases/authenticateUser/AuthenticateUserController.ts
FN:5,AuthenticateUserController
FN:6,Object.<anonymous>.AuthenticateUserController.handle
FNF:2
FNH:2
FNDA:2,AuthenticateUserController
FNDA:3,Object.<anonymous>.AuthenticateUserController.handle
DA:1,1
DA:2,1
DA:3,1
DA:4,1
DA:5,2
DA:6,2
DA:7,3
DA:8,3
DA:9,3
DA:10,3
DA:11,3
DA:12,3
DA:13,3
DA:14,3
DA:15,3
DA:16,3
DA:17,3
DA:18,2
DA:19,1
DA:20,1
LF:20
LH:20
BRDA:5,0,0,2
BRDA:5,1,0,2
BRDA:6,2,0,3
BRF:3
BRH:3
end_of_record
TN:
SF:src/modules/accounts/useCases/authenticateUser/AuthenticateUserUseCase.ts
FN:27,AuthenticateUserUseCase
FN:38,Object.<anonymous>.AuthenticateUserUseCase.execute
FNF:2
FNH:2
FNDA:6,AuthenticateUserUseCase
FNDA:6,Object.<anonymous>.AuthenticateUserUseCase.execute
DA:1,1
DA:2,1
DA:3,1
DA:4,1
DA:5,1
DA:6,1
DA:7,1
DA:8,1
DA:9,1
DA:10,1
DA:11,1
DA:12,1
DA:13,1
DA:14,1
DA:15,1
DA:16,1
DA:17,1
DA:18,1
DA:19,1
DA:20,1
DA:21,1
DA:22,1
DA:23,1
DA:24,1
DA:25,1
DA:26,3
DA:27,3
DA:28,6
DA:29,6
DA:30,6
DA:31,6
DA:32,6
DA:33,6
DA:34,6
DA:35,6
DA:36,6
DA:37,3
DA:38,3
DA:39,6
DA:40,6
DA:41,6
DA:42,6
DA:43,6
DA:44,6
DA:45,6
DA:46,6
DA:47,6
DA:48,6
DA:49,6
DA:50,6
DA:51,1
DA:52,1
DA:53,6
DA:54,6
DA:55,6
DA:56,6
DA:57,1
DA:58,1
DA:59,4
DA:60,4
DA:61,4
DA:62,4
DA:63,4
DA:64,4
DA:65,4
DA:66,4
DA:67,4
DA:68,4
DA:69,4
DA:70,4
DA:71,4
DA:72,4
DA:73,4
DA:74,4
DA:75,4
DA:76,4
DA:77,4
DA:78,4
DA:79,4
DA:80,4
DA:81,4
DA:82,4
DA:83,4
DA:84,4
DA:85,4
DA:86,6
DA:87,6
DA:88,6
DA:89,6
DA:90,6
DA:91,6
DA:92,6
DA:93,6
DA:94,6
DA:95,6
DA:96,6
DA:97,6
DA:98,3
DA:99,1
DA:100,1
LF:100
LH:100
BRDA:26,0,0,3
BRDA:27,1,0,6
BRDA:38,2,0,6
BRDA:50,3,0,1
BRDA:56,4,0,4
BRDA:56,5,0,1
BRF:6
BRH:6
end_of_record
TN:
SF:src/modules/accounts/useCases/createUser/CreateUserController.ts
FN:5,CreateUserController
FN:6,Object.<anonymous>.CreateUserController.handle
FNF:2
FNH:1
FNDA:2,CreateUserController
FNDA:0,Object.<anonymous>.CreateUserController.handle
DA:1,1
DA:2,1
DA:3,1
DA:4,1
DA:5,2
DA:6,2
DA:7,0
DA:8,0
DA:9,0
DA:10,0
DA:11,0
DA:12,0
DA:13,0
DA:14,0
DA:15,2
DA:16,1
DA:17,1
LF:17
LH:9
BRDA:5,0,0,2
BRDA:5,1,0,2
BRF:2
BRH:2
end_of_record
TN:
SF:src/modules/accounts/useCases/createUser/CreateUserUseCase.ts
FN:9,CreateUserUseCase
FN:14,Object.<anonymous>.CreateUserUseCase.execute
FNF:2
FNH:2
FNDA:3,CreateUserUseCase
FNDA:2,Object.<anonymous>.CreateUserUseCase.execute
DA:1,1
DA:2,1
DA:3,1
DA:4,1
DA:5,1
DA:6,1
DA:7,1
DA:8,3
DA:9,3
DA:10,3
DA:11,3
DA:12,3
DA:13,3
DA:14,3
DA:15,2
DA:16,2
DA:17,2
DA:18,2
DA:19,2
DA:20,2
DA:21,2
DA:22,2
DA:23,0
DA:24,0
DA:25,2
DA:26,2
DA:27,2
DA:28,2
DA:29,2
DA:30,2
DA:31,2
DA:32,2
DA:33,2
DA:34,2
DA:35,3
DA:36,1
DA:37,1
LF:37
LH:35
BRDA:8,0,0,3
BRDA:9,1,0,3
BRDA:14,2,0,2
BRDA:20,3,0,2
BRDA:22,4,0,0
BRF:5
BRH:4
end_of_record
TN:
SF:src/modules/accounts/useCases/refreshToken/RefreshTokenController.ts
FN:5,RefreshTokenController
FN:6,Object.<anonymous>.RefreshTokenController.handle
FNF:2
FNH:1
FNDA:2,RefreshTokenController
FNDA:0,Object.<anonymous>.RefreshTokenController.handle
DA:1,1
DA:2,1
DA:3,1
DA:4,1
DA:5,2
DA:6,2
DA:7,0
DA:8,0
DA:9,0
DA:10,0
DA:11,0
DA:12,0
DA:13,0
DA:14,0
DA:15,0
DA:16,0
DA:17,0
DA:18,2
DA:19,1
DA:20,1
LF:20
LH:9
BRDA:5,0,0,2
BRDA:5,1,0,2
BRF:2
BRH:2
end_of_record
TN:
SF:src/modules/accounts/useCases/refreshToken/RefreshTokenUseCase.ts
FN:20,RefreshTokenUseCase
FN:28,Object.<anonymous>.RefreshTokenUseCase.execute
FNF:2
FNH:0
FNDA:0,RefreshTokenUseCase
FNDA:0,Object.<anonymous>.RefreshTokenUseCase.execute
DA:1,1
DA:2,1
DA:3,1
DA:4,1
DA:5,1
DA:6,1
DA:7,1
DA:8,1
DA:9,1
DA:10,1
DA:11,1
DA:12,1
DA:13,1
DA:14,1
DA:15,1
DA:16,1
DA:17,1
DA:18,1
DA:19,2
DA:20,2
DA:21,0
DA:22,0
DA:23,0
DA:24,0
DA:25,0
DA:26,0
DA:27,2
DA:28,2
DA:29,0
DA:30,0
DA:31,0
DA:32,0
DA:33,0
DA:34,0
DA:35,0
DA:36,0
DA:37,0
DA:38,0
DA:39,0
DA:40,0
DA:41,0
DA:42,0
DA:43,0
DA:44,0
DA:45,0
DA:46,0
DA:47,0
DA:48,0
DA:49,0
DA:50,0
DA:51,0
DA:52,0
DA:53,0
DA:54,0
DA:55,0
DA:56,0
DA:57,0
DA:58,0
DA:59,0
DA:60,0
DA:61,0
DA:62,0
DA:63,0
DA:64,0
DA:65,0
DA:66,0
DA:67,0
DA:68,0
DA:69,0
DA:70,0
DA:71,0
DA:72,0
DA:73,0
DA:74,0
DA:75,0
DA:76,0
DA:77,0
DA:78,0
DA:79,0
DA:80,2
DA:81,1
DA:82,1
LF:82
LH:25
BRDA:19,0,0,2
BRF:1
BRH:1
end_of_record
TN:
SF:src/modules/accounts/useCases/resetUserPassword/ResetUserPasswordController.ts
FN:5,ResetUserPasswordController
FN:6,Object.<anonymous>.ResetUserPasswordController.handle
FNF:2
FNH:1
FNDA:2,ResetUserPasswordController
FNDA:0,Object.<anonymous>.ResetUserPasswordController.handle
DA:1,1
DA:2,1
DA:3,1
DA:4,1
DA:5,2
DA:6,2
DA:7,0
DA:8,0
DA:9,0
DA:10,0
DA:11,0
DA:12,0
DA:13,0
DA:14,0
DA:15,0
DA:16,0
DA:17,0
DA:18,2
DA:19,1
DA:20,1
LF:20
LH:9
BRDA:5,0,0,2
BRDA:5,1,0,2
BRF:2
BRH:2
end_of_record
TN:
SF:src/modules/accounts/useCases/resetUserPassword/ResetUserPasswordUseCase.ts
FN:15,ResetUserPasswordUseCase
FN:26,Object.<anonymous>.ResetUserPasswordUseCase.execute
FNF:2
FNH:0
FNDA:0,ResetUserPasswordUseCase
FNDA:0,Object.<anonymous>.ResetUserPasswordUseCase.execute
DA:1,1
DA:2,1
DA:3,1
DA:4,1
DA:5,1
DA:6,1
DA:7,1
DA:8,1
DA:9,1
DA:10,1
DA:11,1
DA:12,1
DA:13,1
DA:14,2
DA:15,2
DA:16,0
DA:17,0
DA:18,0
DA:19,0
DA:20,0
DA:21,0
DA:22,0
DA:23,0
DA:24,0
DA:25,2
DA:26,2
DA:27,0
DA:28,0
DA:29,0
DA:30,0
DA:31,0
DA:32,0
DA:33,0
DA:34,0
DA:35,0
DA:36,0
DA:37,0
DA:38,0
DA:39,0
DA:40,0
DA:41,0
DA:42,0
DA:43,0
DA:44,0
DA:45,0
DA:46,0
DA:47,0
DA:48,0
DA:49,0
DA:50,0
DA:51,0
DA:52,2
DA:53,1
DA:54,1
LF:54
LH:20
BRDA:14,0,0,2
BRF:1
BRH:1
end_of_record
TN:
SF:src/modules/accounts/useCases/sendForgotPasswordMail/SendForgotPasswordMailController.ts
FN:5,SendForgotPasswordMailController
FN:6,Object.<anonymous>.SendForgotPasswordMailController.handle
FNF:2
FNH:1
FNDA:2,SendForgotPasswordMailController
FNDA:0,Object.<anonymous>.SendForgotPasswordMailController.handle
DA:1,1
DA:2,1
DA:3,1
DA:4,1
DA:5,2
DA:6,2
DA:7,0
DA:8,0
DA:9,0
DA:10,0
DA:11,0
DA:12,0
DA:13,0
DA:14,0
DA:15,0
DA:16,0
DA:17,2
DA:18,1
DA:19,1
LF:19
LH:9
BRDA:5,0,0,2
BRDA:5,1,0,2
BRF:2
BRH:2
end_of_record
TN:
SF:src/modules/accounts/useCases/sendForgotPasswordMail/SendForgotPasswordMailUseCase.ts
FN:12,SendForgotPasswordMailUseCase
FN:25,Object.<anonymous>.SendForgotPasswordMailUseCase.execute
FNF:2
FNH:2
FNDA:3,SendForgotPasswordMailUseCase
FNDA:3,Object.<anonymous>.SendForgotPasswordMailUseCase.execute
DA:1,1
DA:2,1
DA:3,1
DA:4,1
DA:5,1
DA:6,1
DA:7,1
DA:8,1
DA:9,1
DA:10,1
DA:11,3
DA:12,3
DA:13,3
DA:14,3
DA:15,3
DA:16,3
DA:17,3
DA:18,3
DA:19,3
DA:20,3
DA:21,3
DA:22,3
DA:23,3
DA:24,3
DA:25,3
DA:26,3
DA:27,3
DA:28,3
DA:29,3
DA:30,3
DA:31,3
DA:32,3
DA:33,3
DA:34,3
DA:35,3
DA:36,3
DA:37,3
DA:38,1
DA:39,1
DA:40,2
DA:41,2
DA:42,2
DA:43,2
DA:44,2
DA:45,2
DA:46,2
DA:47,2
DA:48,2
DA:49,2
DA:50,3
DA:51,3
DA:52,3
DA:53,3
DA:54,3
DA:55,3
DA:56,3
DA:57,3
DA:58,3
DA:59,3
DA:60,3
DA:61,3
DA:62,3
DA:63,3
DA:64,1
DA:65,1
LF:65
LH:65
BRDA:11,0,0,3
BRDA:12,1,0,3
BRDA:25,2,0,3
BRDA:26,3,0,3
BRDA:37,4,0,1
BRDA:40,5,0,2
BRF:6
BRH:6
end_of_record
TN:
SF:src/modules/accounts/useCases/updateUserAvatar/UpdateUserAvatarController.ts
FN:6,UpdateUserAvatarController
FN:7,Object.<anonymous>.UpdateUserAvatarController.handle
FNF:2
FNH:1
FNDA:2,UpdateUserAvatarController
FNDA:0,Object.<anonymous>.UpdateUserAvatarController.handle
DA:1,1
DA:2,1
DA:3,1
DA:4,1
DA:5,1
DA:6,2
DA:7,2
DA:8,0
DA:9,0
DA:10,0
DA:11,0
DA:12,0
DA:13,0
DA:14,0
DA:15,0
DA:16,0
DA:17,0
DA:18,0
DA:19,0
DA:20,0
DA:21,0
DA:22,0
DA:23,0
DA:24,2
DA:25,1
DA:26,1
LF:26
LH:10
BRDA:6,0,0,2
BRDA:6,1,0,2
BRF:2
BRH:2
end_of_record
TN:
SF:src/modules/accounts/useCases/updateUserAvatar/UpdateUserAvatarUseCase.ts
FN:19,UpdateUserAvatarUseCase
FN:24,Object.<anonymous>.UpdateUserAvatarUseCase.execute
FNF:2
FNH:0
FNDA:0,UpdateUserAvatarUseCase
FNDA:0,Object.<anonymous>.UpdateUserAvatarUseCase.execute
DA:1,1
DA:2,1
DA:3,1
DA:4,1
DA:5,1
DA:6,1
DA:7,1
DA:8,1
DA:9,1
DA:10,1
DA:11,1
DA:12,2
DA:13,2
DA:14,2
DA:15,2
DA:16,2
DA:17,2
DA:18,2
DA:19,2
DA:20,0
DA:21,0
DA:22,0
DA:23,2
DA:24,2
DA:25,0
DA:26,0
DA:27,0
DA:28,0
DA:29,0
DA:30,0
DA:31,0
DA:32,0
DA:33,0
DA:34,0
DA:35,0
DA:36,0
DA:37,0
DA:38,0
DA:39,2
DA:40,1
DA:41,1
LF:41
LH:24
BRDA:12,0,0,2
BRF:1
BRH:1
end_of_record
TN:
SF:src/modules/cars/useCases/createCar/CreateCarController.ts
FN:5,CreateCarController
FN:6,Object.<anonymous>.CreateCarController.handle
FNF:2
FNH:1
FNDA:2,CreateCarController
FNDA:0,Object.<anonymous>.CreateCarController.handle
DA:1,1
DA:2,1
DA:3,1
DA:4,1
DA:5,2
DA:6,2
DA:7,0
DA:8,0
DA:9,0
DA:10,0
DA:11,0
DA:12,0
DA:13,0
DA:14,0
DA:15,0
DA:16,0
DA:17,0
DA:18,0
DA:19,0
DA:20,0
DA:21,0
DA:22,0
DA:23,0
DA:24,0
DA:25,0
DA:26,0
DA:27,0
DA:28,0
DA:29,0
DA:30,0
DA:31,2
DA:32,1
DA:33,1
LF:33
LH:9
BRDA:5,0,0,2
BRDA:5,1,0,2
BRF:2
BRH:2
end_of_record
TN:
SF:src/modules/cars/useCases/createCar/CreateCarUseCase.ts
FN:18,CreateCarUseCase
FN:23,Object.<anonymous>.CreateCarUseCase.execute
FNF:2
FNH:2
FNDA:3,CreateCarUseCase
FNDA:4,Object.<anonymous>.CreateCarUseCase.execute
DA:1,1
DA:2,1
DA:3,1
DA:4,1
DA:5,1
DA:6,1
DA:7,1
DA:8,1
DA:9,1
DA:10,1
DA:11,1
DA:12,1
DA:13,1
DA:14,1
DA:15,1
DA:16,1
DA:17,3
DA:18,3
DA:19,3
DA:20,3
DA:21,3
DA:22,3
DA:23,3
DA:24,4
DA:25,4
DA:26,4
DA:27,4
DA:28,4
DA:29,4
DA:30,4
DA:31,4
DA:32,4
DA:33,4
DA:34,4
DA:35,4
DA:36,4
DA:37,1
DA:38,1
DA:39,4
DA:40,4
DA:41,4
DA:42,4
DA:43,4
DA:44,4
DA:45,4
DA:46,4
DA:47,4
DA:48,4
DA:49,4
DA:50,4
DA:51,4
DA:52,3
DA:53,1
DA:54,1
LF:54
LH:54
BRDA:17,0,0,3
BRDA:18,1,0,3
BRDA:23,2,0,4
BRDA:32,3,0,4
BRDA:36,4,0,1
BRF:5
BRH:5
end_of_record
TN:
SF:src/modules/cars/useCases/createCarSpecification/CreateCarSpecificationController.ts
FN:5,CreateCarSpecificationController
FN:6,Object.<anonymous>.CreateCarSpecificationController.handle
FNF:2
FNH:1
FNDA:2,CreateCarSpecificationController
FNDA:0,Object.<anonymous>.CreateCarSpecificationController.handle
DA:1,1
DA:2,1
DA:3,1
DA:4,1
DA:5,2
DA:6,2
DA:7,0
DA:8,0
DA:9,0
DA:10,0
DA:11,0
DA:12,0
DA:13,0
DA:14,0
DA:15,0
DA:16,0
DA:17,0
DA:18,0
DA:19,0
DA:20,0
DA:21,2
DA:22,1
LF:22
LH:8
BRDA:5,0,0,2
BRDA:5,1,0,2
BRF:2
BRH:2
end_of_record
TN:
SF:src/modules/cars/useCases/createCarSpecification/CreateCarSpecificationUseCase.ts
FN:14,CreateCarSpecificationUseCase
FN:22,Object.<anonymous>.CreateCarSpecificationUseCase.execute
FNF:2
FNH:2
FNDA:2,CreateCarSpecificationUseCase
FNDA:2,Object.<anonymous>.CreateCarSpecificationUseCase.execute
DA:1,1
DA:2,1
DA:3,1
DA:4,1
DA:5,1
DA:6,1
DA:7,1
DA:8,1
DA:9,1
DA:10,1
DA:11,1
DA:12,1
DA:13,3
DA:14,3
DA:15,2
DA:16,2
DA:17,2
DA:18,2
DA:19,2
DA:20,2
DA:21,3
DA:22,3
DA:23,2
DA:24,2
DA:25,2
DA:26,1
DA:27,1
DA:28,1
DA:29,1
DA:30,1
DA:31,1
DA:32,2
DA:33,2
DA:34,2
DA:35,2
DA:36,2
DA:37,2
DA:38,2
DA:39,3
DA:40,1
DA:41,1
LF:41
LH:41
BRDA:13,0,0,3
BRDA:14,1,0,2
BRDA:22,2,0,2
BRDA:23,3,0,2
BRDA:25,4,0,1
BRF:5
BRH:5
end_of_record
TN:
SF:src/modules/cars/useCases/createCategory/CreateCategoryController.ts
FN:5,CreateCategoryController
FN:6,Object.<anonymous>.CreateCategoryController.handle
FNF:2
FNH:2
FNDA:2,CreateCategoryController
FNDA:3,Object.<anonymous>.CreateCategoryController.handle
DA:1,1
DA:2,1
DA:3,1
DA:4,1
DA:5,2
DA:6,2
DA:7,3
DA:8,3
DA:9,3
DA:10,3
DA:11,3
DA:12,3
DA:13,3
DA:14,3
DA:15,2
DA:16,1
DA:17,1
LF:17
LH:17
BRDA:5,0,0,2
BRDA:5,1,0,2
BRDA:6,2,0,3
BRF:3
BRH:3
end_of_record
TN:
SF:src/modules/cars/useCases/createCategory/CreateCategoryUseCase.ts
FN:12,CreateCategoryUseCase
FN:17,Object.<anonymous>.CreateCategoryUseCase.execute
FNF:2
FNH:2
FNDA:5,CreateCategoryUseCase
FNDA:6,Object.<anonymous>.CreateCategoryUseCase.execute
DA:1,1
DA:2,1
DA:3,1
DA:4,1
DA:5,1
DA:6,1
DA:7,1
DA:8,1
DA:9,1
DA:10,1
DA:11,3
DA:12,3
DA:13,5
DA:14,5
DA:15,5
DA:16,3
DA:17,3
DA:18,6
DA:19,6
DA:20,6
DA:21,6
DA:22,6
DA:23,2
DA:24,2
DA:25,5
DA:26,5
DA:27,6
DA:28,3
DA:29,1
DA:30,1
LF:30
LH:30
BRDA:11,0,0,3
BRDA:12,1,0,5
BRDA:17,2,0,6
BRDA:18,3,0,6
BRDA:22,4,0,5
BRDA:22,5,0,2
BRF:6
BRH:6
end_of_record
TN:
SF:src/modules/cars/useCases/createCategory/index(only_as_a_example).ts
FN:1,(empty-report)
FNF:1
FNH:0
FNDA:0,(empty-report)
DA:1,0
DA:2,0
DA:3,0
DA:4,0
DA:5,0
DA:6,0
DA:7,0
DA:8,0
DA:9,0
DA:10,0
DA:11,0
DA:12,0
DA:13,0
LF:13
LH:0
BRDA:1,0,0,0
BRF:1
BRH:0
end_of_record
TN:
SF:src/modules/cars/useCases/createSpecification/CreateSpecificationController.ts
FN:5,CreateSpecificationController
FN:6,Object.<anonymous>.CreateSpecificationController.handle
FNF:2
FNH:1
FNDA:2,CreateSpecificationController
FNDA:0,Object.<anonymous>.CreateSpecificationController.handle
DA:1,1
DA:2,1
DA:3,1
DA:4,1
DA:5,2
DA:6,2
DA:7,0
DA:8,0
DA:9,0
DA:10,0
DA:11,0
DA:12,0
DA:13,0
DA:14,0
DA:15,0
DA:16,2
DA:17,1
DA:18,1
LF:18
LH:9
BRDA:5,0,0,2
BRDA:5,1,0,2
BRF:2
BRH:2
end_of_record
TN:
SF:src/modules/cars/useCases/createSpecification/CreateSpecificationUseCase.ts
FN:12,CreateSpecificationUseCase
FN:17,Object.<anonymous>.CreateSpecificationUseCase.execute
FNF:2
FNH:0
FNDA:0,CreateSpecificationUseCase
FNDA:0,Object.<anonymous>.CreateSpecificationUseCase.execute
DA:1,1
DA:2,1
DA:3,1
DA:4,1
DA:5,1
DA:6,1
DA:7,1
DA:8,1
DA:9,1
DA:10,1
DA:11,2
DA:12,2
DA:13,0
DA:14,0
DA:15,0
DA:16,2
DA:17,2
DA:18,0
DA:19,0
DA:20,0
DA:21,0
DA:22,0
DA:23,0
DA:24,0
DA:25,0
DA:26,0
DA:27,0
DA:28,2
DA:29,1
DA:30,1
LF:30
LH:17
BRDA:11,0,0,2
BRF:1
BRH:1
end_of_record
TN:
SF:src/modules/cars/useCases/importCategory/ImportCategoryController.ts
FN:6,ImportCategoryController
FN:7,Object.<anonymous>.ImportCategoryController.handle
FNF:2
FNH:1
FNDA:2,ImportCategoryController
FNDA:0,Object.<anonymous>.ImportCategoryController.handle
DA:1,1
DA:2,1
DA:3,1
DA:4,1
DA:5,1
DA:6,2
DA:7,2
DA:8,0
DA:9,0
DA:10,0
DA:11,0
DA:12,0
DA:13,0
DA:14,0
DA:15,2
DA:16,1
DA:17,1
LF:17
LH:10
BRDA:6,0,0,2
BRDA:6,1,0,2
BRF:2
BRH:2
end_of_record
TN:
SF:src/modules/cars/useCases/importCategory/ImportCategoryUseCase.ts
FN:13,ImportCategoryUseCase
FN:18,Object.<anonymous>.ImportCategoryUseCase.loadCategories
FN:41,Object.<anonymous>.ImportCategoryUseCase.execute
FNF:3
FNH:0
FNDA:0,ImportCategoryUseCase
FNDA:0,Object.<anonymous>.ImportCategoryUseCase.loadCategories
FNDA:0,Object.<anonymous>.ImportCategoryUseCase.execute
DA:1,1
DA:2,1
DA:3,1
DA:4,1
DA:5,1
DA:6,1
DA:7,1
DA:8,1
DA:9,1
DA:10,1
DA:11,1
DA:12,2
DA:13,2
DA:14,0
DA:15,0
DA:16,0
DA:17,2
DA:18,2
DA:19,0
DA:20,0
DA:21,0
DA:22,0
DA:23,0
DA:24,0
DA:25,0
DA:26,0
DA:27,0
DA:28,0
DA:29,0
DA:30,0
DA:31,0
DA:32,0
DA:33,0
DA:34,0
DA:35,0
DA:36,0
DA:37,0
DA:38,0
DA:39,0
DA:40,2
DA:41,2
DA:42,0
DA:43,0
DA:44,0
DA:45,0
DA:46,0
DA:47,0
DA:48,0
DA:49,0
DA:50,0
DA:51,0
DA:52,0
DA:53,0
DA:54,2
DA:55,1
DA:56,1
LF:56
LH:20
BRDA:12,0,0,2
BRF:1
BRH:1
end_of_record
TN:
SF:src/modules/cars/useCases/listAvailableCars/ListAvailableCarsController.ts
FN:5,ListAvailableCarsController
FN:6,Object.<anonymous>.ListAvailableCarsController.handle
FNF:2
FNH:1
FNDA:2,ListAvailableCarsController
FNDA:0,Object.<anonymous>.ListAvailableCarsController.handle
DA:1,1
DA:2,1
DA:3,1
DA:4,1
DA:5,2
DA:6,2
DA:7,0
DA:8,0
DA:9,0
DA:10,0
DA:11,0
DA:12,0
DA:13,0
DA:14,0
DA:15,0
DA:16,0
DA:17,0
DA:18,0
DA:19,0
DA:20,0
DA:21,2
DA:22,1
DA:23,1
LF:23
LH:9
BRDA:5,0,0,2
BRDA:5,1,0,2
BRF:2
BRH:2
end_of_record
TN:
SF:src/modules/cars/useCases/listAvailableCars/ListAvailableCarsUseCase.ts
FN:13,ListAvailableCarsUseCase
FN:18,Object.<anonymous>.ListAvailableCarsUseCase.execute
FNF:2
FNH:2
FNDA:4,ListAvailableCarsUseCase
FNDA:4,Object.<anonymous>.ListAvailableCarsUseCase.execute
DA:1,1
DA:2,1
DA:3,1
DA:4,1
DA:5,1
DA:6,1
DA:7,1
DA:8,1
DA:9,1
DA:10,1
DA:11,1
DA:12,3
DA:13,3
DA:14,4
DA:15,4
DA:16,4
DA:17,3
DA:18,3
DA:19,4
DA:20,4
DA:21,4
DA:22,4
DA:23,4
DA:24,4
DA:25,4
DA:26,4
DA:27,3
DA:28,1
DA:29,1
LF:29
LH:29
BRDA:12,0,0,3
BRDA:13,1,0,4
BRDA:18,2,0,4
BRDA:19,3,0,4
BRF:4
BRH:4
end_of_record
TN:
SF:src/modules/cars/useCases/listCategories/ListCategoriesController.ts
FN:5,ListCategoriesController
FN:6,Object.<anonymous>.ListCategoriesController.handle
FNF:2
FNH:2
FNDA:2,ListCategoriesController
FNDA:1,Object.<anonymous>.ListCategoriesController.handle
DA:1,1
DA:2,1
DA:3,1
DA:4,1
DA:5,2
DA:6,2
DA:7,1
DA:8,1
DA:9,1
DA:10,1
DA:11,1
DA:12,2
DA:13,1
DA:14,1
LF:14
LH:14
BRDA:5,0,0,2
BRDA:5,1,0,2
BRDA:6,2,0,1
BRF:3
BRH:3
end_of_record
TN:
SF:src/modules/cars/useCases/listCategories/ListCategoriesUseCase.ts
FN:7,ListCategoriesUseCase
FN:12,Object.<anonymous>.ListCategoriesUseCase.execute
FNF:2
FNH:2
FNDA:1,ListCategoriesUseCase
FNDA:1,Object.<anonymous>.ListCategoriesUseCase.execute
DA:1,1
DA:2,1
DA:3,1
DA:4,1
DA:5,1
DA:6,2
DA:7,2
DA:8,1
DA:9,1
DA:10,1
DA:11,2
DA:12,2
DA:13,1
DA:14,1
DA:15,1
DA:16,2
DA:17,1
DA:18,1
LF:18
LH:18
BRDA:6,0,0,2
BRDA:7,1,0,1
BRDA:12,2,0,1
BRDA:13,3,0,1
BRF:4
BRH:4
end_of_record
TN:
SF:src/modules/cars/useCases/uploadCarImages/UploadCarImagesController.ts
FN:9,UploadCarImagesController
FN:10,Object.<anonymous>.UploadCarImagesController.handle
FNF:2
FNH:1
FNDA:2,UploadCarImagesController
FNDA:0,Object.<anonymous>.UploadCarImagesController.handle
DA:1,1
DA:2,1
DA:3,1
DA:4,1
DA:5,1
DA:6,1
DA:7,1
DA:8,1
DA:9,2
DA:10,2
DA:11,0
DA:12,0
DA:13,0
DA:14,0
DA:15,0
DA:16,0
DA:17,0
DA:18,0
DA:19,0
DA:20,0
DA:21,0
DA:22,2
DA:23,1
DA:24,1
LF:24
LH:13
BRDA:9,0,0,2
BRDA:9,1,0,2
BRF:2
BRH:2
end_of_record
TN:
SF:src/modules/cars/useCases/uploadCarImages/UploadCarImagesUseCase.ts
FN:15,UploadCarImagesUseCase
FN:23,Object.<anonymous>.UploadCarImagesUseCase.execute
FNF:2
FNH:0
FNDA:0,UploadCarImagesUseCase
FNDA:0,Object.<anonymous>.UploadCarImagesUseCase.execute
DA:1,1
DA:2,1
DA:3,1
DA:4,1
DA:5,1
DA:6,1
DA:7,1
DA:8,1
DA:9,1
DA:10,1
DA:11,1
DA:12,1
DA:13,1
DA:14,2
DA:15,2
DA:16,0
DA:17,0
DA:18,0
DA:19,0
DA:20,0
DA:21,0
DA:22,2
DA:23,2
DA:24,0
DA:25,0
DA:26,0
DA:27,0
DA:28,0
DA:29,0
DA:30,0
DA:31,0
DA:32,0
DA:33,0
DA:34,0
DA:35,0
DA:36,0
DA:37,0
DA:38,0
DA:39,0
DA:40,0
DA:41,0
DA:42,0
DA:43,0
DA:44,0
DA:45,0
DA:46,0
DA:47,2
DA:48,1
DA:49,1
LF:49
LH:20
BRDA:14,0,0,2
BRF:1
BRH:1
end_of_record
TN:
SF:src/modules/rentals/useCases/createRental/CreateRentalController.ts
FN:5,CreateRentalController
FN:6,Object.<anonymous>.CreateRentalController.handle
FNF:2
FNH:1
FNDA:2,CreateRentalController
FNDA:0,Object.<anonymous>.CreateRentalController.handle
DA:1,1
DA:2,1
DA:3,1
DA:4,1
DA:5,2
DA:6,2
DA:7,0
DA:8,0
DA:9,0
DA:10,0
DA:11,0
DA:12,0
DA:13,0
DA:14,0
DA:15,0
DA:16,0
DA:17,0
DA:18,0
DA:19,0
DA:20,2
DA:21,1
LF:21
LH:8
BRDA:5,0,0,2
BRDA:5,1,0,2
BRF:2
BRH:2
end_of_record
TN:
SF:src/modules/rentals/useCases/createRental/CreateRentalUseCase.ts
FN:16,CreateRentalUseCase
FN:27,Object.<anonymous>.CreateRentalUseCase.execute
FNF:2
FNH:2
FNDA:4,CreateRentalUseCase
FNDA:6,Object.<anonymous>.CreateRentalUseCase.execute
DA:1,1
DA:2,1
DA:3,1
DA:4,1
DA:5,1
DA:6,1
DA:7,1
DA:8,1
DA:9,1
DA:10,1
DA:11,1
DA:12,1
DA:13,1
DA:14,1
DA:15,3
DA:16,3
DA:17,4
DA:18,4
DA:19,4
DA:20,4
DA:21,4
DA:22,4
DA:23,4
DA:24,4
DA:25,4
DA:26,3
DA:27,3
DA:28,6
DA:29,6
DA:30,6
DA:31,6
DA:32,6
DA:33,6
DA:34,6
DA:35,6
DA:36,6
DA:37,6
DA:38,6
DA:39,1
DA:40,1
DA:41,6
DA:42,6
DA:43,6
DA:44,6
DA:45,6
DA:46,6
DA:47,1
DA:48,1
DA:49,4
DA:50,4
DA:51,4
DA:52,4
DA:53,4
DA:54,4
DA:55,4
DA:56,4
DA:57,6
DA:58,1
DA:59,1
DA:60,3
DA:61,3
DA:62,3
DA:63,3
DA:64,3
DA:65,3
DA:66,6
DA:67,6
DA:68,6
DA:69,6
DA:70,6
DA:71,3
DA:72,1
DA:73,1
LF:73
LH:73
BRDA:15,0,0,3
BRDA:16,1,0,4
BRDA:27,2,0,6
BRDA:38,3,0,1
BRDA:46,4,0,1
BRDA:49,5,0,4
BRDA:57,6,0,1
BRDA:60,7,0,3
BRF:8
BRH:8
end_of_record
TN:
SF:src/modules/rentals/useCases/devolutionRental/DevolutionRentalController.ts
FN:5,DevolutionRentalController
FN:6,Object.<anonymous>.DevolutionRentalController.handle
FNF:2
FNH:1
FNDA:2,DevolutionRentalController
FNDA:0,Object.<anonymous>.DevolutionRentalController.handle
DA:1,1
DA:2,1
DA:3,1
DA:4,1
DA:5,2
DA:6,2
DA:7,0
DA:8,0
DA:9,0
DA:10,0
DA:11,0
DA:12,0
DA:13,0
DA:14,0
DA:15,0
DA:16,0
DA:17,0
DA:18,0
DA:19,0
DA:20,2
DA:21,1
DA:22,1
LF:22
LH:9
BRDA:5,0,0,2
BRDA:5,1,0,2
BRF:2
BRH:2
end_of_record
TN:
SF:src/modules/rentals/useCases/devolutionRental/DevolutionRentalUseCase.ts
FN:15,DevolutionRentalUseCase
FN:25,Object.<anonymous>.DevolutionRentalUseCase.execute
FNF:2
FNH:0
FNDA:0,DevolutionRentalUseCase
FNDA:0,Object.<anonymous>.DevolutionRentalUseCase.execute
DA:1,1
DA:2,1
DA:3,1
DA:4,1
DA:5,1
DA:6,1
DA:7,1
DA:8,1
DA:9,1
DA:10,1
DA:11,1
DA:12,1
DA:13,1
DA:14,2
DA:15,2
DA:16,0
DA:17,0
DA:18,0
DA:19,0
DA:20,0
DA:21,0
DA:22,0
DA:23,0
DA:24,0
DA:25,2
DA:26,0
DA:27,0
DA:28,0
DA:29,0
DA:30,0
DA:31,0
DA:32,0
DA:33,0
DA:34,0
DA:35,0
DA:36,0
DA:37,0
DA:38,0
DA:39,0
DA:40,0
DA:41,0
DA:42,0
DA:43,0
DA:44,0
DA:45,0
DA:46,0
DA:47,0
DA:48,0
DA:49,0
DA:50,0
DA:51,0
DA:52,0
DA:53,0
DA:54,0
DA:55,0
DA:56,0
DA:57,0
DA:58,0
DA:59,0
DA:60,0
DA:61,0
DA:62,0
DA:63,0
DA:64,0
DA:65,0
DA:66,0
DA:67,0
DA:68,0
DA:69,0
DA:70,0
DA:71,0
DA:72,0
DA:73,0
DA:74,0
DA:75,0
DA:76,0
DA:77,2
DA:78,1
DA:79,1
LF:79
LH:19
BRDA:14,0,0,2
BRF:1
BRH:1
end_of_record
TN:
SF:src/modules/rentals/useCases/listRentalsByUser/ListRentalsByUserController.ts
FN:5,ListRentalsByUserController
FN:6,Object.<anonymous>.ListRentalsByUserController.handle
FNF:2
FNH:1
FNDA:2,ListRentalsByUserController
FNDA:0,Object.<anonymous>.ListRentalsByUserController.handle
DA:1,1
DA:2,1
DA:3,1
DA:4,1
DA:5,2
DA:6,2
DA:7,0
DA:8,0
DA:9,0
DA:10,0
DA:11,0
DA:12,0
DA:13,0
DA:14,0
DA:15,0
DA:16,2
DA:17,1
DA:18,1
LF:18
LH:9
BRDA:5,0,0,2
BRDA:5,1,0,2
BRF:2
BRH:2
end_of_record
TN:
SF:src/modules/rentals/useCases/listRentalsByUser/ListRentalsByUserUseCase.ts
FN:7,ListRentalsByUserUseCase
FN:12,Object.<anonymous>.ListRentalsByUserUseCase.execute
FNF:2
FNH:0
FNDA:0,ListRentalsByUserUseCase
FNDA:0,Object.<anonymous>.ListRentalsByUserUseCase.execute
DA:1,1
DA:2,1
DA:3,1
DA:4,1
DA:5,1
DA:6,2
DA:7,2
DA:8,0
DA:9,0
DA:10,0
DA:11,2
DA:12,2
DA:13,0
DA:14,0
DA:15,0
DA:16,0
DA:17,2
DA:18,1
DA:19,1
LF:19
LH:12
BRDA:6,0,0,2
BRF:1
BRH:1
end_of_record
